<?xml version="1.0" encoding="UTF-8"?>

<beans xmlns="http://www.springframework.org/schema/beans" 
	xmlns:xsi="http://www.w3.org/2001/XMLSchema-instance" 
	xmlns:context="http://www.springframework.org/schema/context" 
	xmlns:mvc="http://www.springframework.org/schema/mvc" 	
	xmlns:util="http://www.springframework.org/schema/util"
    xmlns:tx="http://www.springframework.org/schema/tx"
	
	xsi:schemaLocation="
		 http://www.springframework.org/schema/beans 	
		 http://www.springframework.org/schema/beans/spring-beans.xsd 
		 
		 http://www.springframework.org/schema/context 
		 http://www.springframework.org/schema/context/spring-context.xsd 
	
		 http://www.springframework.org/schema/mvc 
		 http://www.springframework.org/schema/mvc/spring-mvc.xsd
		 
       	 http://www.springframework.org/schema/util
         http://www.springframework.org/schema/util/spring-util.xsd	
         	 
         http://www.springframework.org/schema/tx
       	 http://www.springframework.org/schema/tx/spring-tx.xsd	    
	">  

	<bean id="dataSource" class="com.mchange.v2.c3p0.ComboPooledDataSource">
        <!-- JDBC  properties -->
        <property name="driverClass" value="${jdbc.driverClass}"/>
        <property name="jdbcUrl" value="${jdbc.url}"/>
        <property name="user" value="${jdbc.user}"/>
        <property name="password" value="${jdbc.password}"/>
        <!-- c3p0  properties -->
        <property name="minPoolSize" value="${c3p0.minPoolSize}" />
        <property name="maxPoolSize" value="${c3p0.maxPoolSize}" />
		<property name="maxStatements" value="${c3p0.maxStatements}"/>  <!-- 這個一定要設成0,不然Connection Pool會常出現DeadLock的Error，在Hibernate官方forum上查了一下，這問題"似乎"是c3p0本身的bug -->    
        <property name="acquireIncrement" value="${c3p0.acquireIncrement}"/> <!-- 指達到 maxPoolSize 的用量後一次可以再追加多少的連線數 -->
		<property name="maxIdleTime" value="${c3p0.maxIdleTime}"/>  <!-- time out 單位為秒 -->
		<property name="idleConnectionTestPeriod" value="${c3p0.idleConnectionTestPeriod}"/>  <!-- 單位為秒，指多久要去Check一次是否有  Connecion 被閒置不用 -->
    </bean>
    
  	<bean id="jdbcTemplate" class="org.springframework.jdbc.core.JdbcTemplate" abstract="false" lazy-init="false" autowire="default" scope="prototype">
        <property name="dataSource">
            <ref bean="dataSource" />
        </property>
  	</bean>
        
  	
    <tx:annotation-driven transaction-manager="transactionManager"/>

    <bean id="transactionManager" class="org.springframework.orm.hibernate4.HibernateTransactionManager">
        <property name="sessionFactory" ref="sessionFactory"/>
    </bean>
  	  	
    <bean id="sessionFactory" class="org.springframework.orm.hibernate4.LocalSessionFactoryBean">
        <property name="dataSource" ref="dataSource"/>
        <property name="mappingLocations">
            <list>
                <!-- hibernate 的 xml 在這裡 -->
                <value>classpath:downloadOrder.hbm.xml</value>
                <value>classpath:duosim.hbm.xml</value>
                <value>classpath:duosimBatch.hbm.xml</value>
                <value>classpath:duosimSlot.hbm.xml</value>
                <value>classpath:msisdn.hbm.xml</value>
                <value>classpath:imsi.hbm.xml</value>
                <value>classpath:product.hbm.xml</value>
                <value>classpath:subscriber.hbm.xml</value>
                <value>classpath:simProfile.hbm.xml</value>
                <value>classpath:masterKey.hbm.xml</value>
                <value>classpath:cardIssuer.hbm.xml</value>
                <value>classpath:smsContent.hbm.xml</value>
                <value>classpath:receipt.hbm.xml</value>
                <value>classpath:mailContent.hbm.xml</value>
                <value>classpath:cardIssuer.hbm.xml</value>
                <value>classpath:mno.hbm.xml</value>
                <value>classpath:topup.hbm.xml</value>
                <value>classpath:code.hbm.xml</value>
                <value>classpath:subscriberData.hbm.xml</value>
                <value>classpath:ads.hbm.xml</value>
                <value>classpath:auditLog.hbm.xml</value>
			</list>
        </property>
        <property name="hibernateProperties">
            <props>
                <prop key="hibernate.dialect">org.hibernate.dialect.MySQLDialect</prop>
                <!--<prop key="hibernate.show_sql">true</prop>-->
                <!--<prop key="hibernate.format_sql">true</prop>-->
                <!--<prop key="hibernate.use_sql_comments">true</prop>-->
            </props>
        </property>        
    </bean>

    <bean id="jedisPoolConfig" class="redis.clients.jedis.JedisPoolConfig">
        <property name="maxActive" value="10"/>
        <property name="maxIdle" value="10"/>
        <property name="minIdle" value="0"/>
        <property name="maxWait" value="60"/>
        <property name="timeBetweenEvictionRunsMillis" value="10000"/>
    </bean>

    <bean id="jedisPool" class="redis.clients.jedis.JedisPool">
        <constructor-arg index="0" ref="jedisPoolConfig"/>
        <constructor-arg index="1" value="${redis.host}"/>
        <constructor-arg index="2" value="${redis.port}" type="int"/>
        <constructor-arg index="3" value="60" type="int"/>
    </bean>

</beans>